<?xml version="1.0" encoding="UTF-8"?>
<testsuite xmlns:xsi="http://www.w3.org/2001/XMLSchema-instance" xsi:noNamespaceSchemaLocation="https://maven.apache.org/surefire/maven-surefire-plugin/xsd/surefire-test-report-3.0.xsd" version="3.0" name="RecordShelfDemoTest" time="0.142" tests="4" errors="0" skipped="0" failures="0">
  <properties>
[...]
</properties>
  <testcase name="userExists_returnsTrueForKnownUserAndFalseOtherwise" classname="RecordShelfDemoTest" time="0.038"/>
  <testcase name="loadSongsFromDatabase_populatesSongsAndAlbums" classname="RecordShelfDemoTest" time="0.077"/>
  <testcase name="albumAndSongToString_useExpectedFormat" classname="RecordShelfDemoTest" time="0.002"/>
  <testcase name="saveUsersThenLoadUsers_roundTripsCsvData" classname="RecordShelfDemoTest" time="0.01"/>
</testsuite>